============================= test session starts ==============================
platform linux -- Python 3.10.9, pytest-8.4.1, pluggy-1.6.0 -- /home/bruce/.pyenv/versions/3.10.9/bin/python
cachedir: .pytest_cache
rootdir: /home/bruce/Work/udacity/SWEAI-C4-project-starter/lesson-4-risks-responsibilities/exercises/concept4-complete-risk-assessment/starter
plugins: anyio-4.9.0, hydra-core-1.0.7
collecting ... collected 29 items

test_secure_healthcare.py::TestSecurityControls::test_sql_injection_prevention_patient_name PASSED [  3%]
test_secure_healthcare.py::TestSecurityControls::test_ssn_encryption_at_rest PASSED [  6%]
test_secure_healthcare.py::TestSecurityControls::test_medical_records_encryption PASSED [ 10%]
test_secure_healthcare.py::TestSecurityControls::test_password_hashing_security PASSED [ 13%]
test_secure_healthcare.py::TestSecurityControls::test_weak_password_rejection PASSED [ 17%]
test_secure_healthcare.py::TestSecurityControls::test_account_lockout_after_failed_attempts PASSED [ 20%]
test_secure_healthcare.py::TestSecurityControls::test_session_token_uniqueness PASSED [ 24%]
test_secure_healthcare.py::TestSecurityControls::test_session_expiration PASSED [ 27%]
test_secure_healthcare.py::TestSecurityControls::test_role_based_access_control PASSED [ 31%]
test_secure_healthcare.py::TestSecurityControls::test_audit_log_tamper_protection PASSED [ 34%]
test_secure_healthcare.py::TestEthicalSafeguards::test_no_age_based_discrimination PASSED [ 37%]
test_secure_healthcare.py::TestEthicalSafeguards::test_no_zip_code_discrimination PASSED [ 41%]
test_secure_healthcare.py::TestEthicalSafeguards::test_evidence_based_risk_factors_only PASSED [ 44%]
test_secure_healthcare.py::TestEthicalSafeguards::test_transparent_risk_explanation PASSED [ 48%]
test_secure_healthcare.py::TestEthicalSafeguards::test_human_review_trigger_for_high_risk PASSED [ 51%]
test_secure_healthcare.py::TestEthicalSafeguards::test_social_determinants_for_support_not_discrimination PASSED [ 55%]
test_secure_healthcare.py::TestReliabilityAndResilience::test_missing_patient_graceful_handling PASSED [ 58%]
test_secure_healthcare.py::TestReliabilityAndResilience::test_workflow_partial_success_handling PASSED [ 62%]
test_secure_healthcare.py::TestReliabilityAndResilience::test_database_connection_retry PASSED [ 65%]
test_secure_healthcare.py::TestReliabilityAndResilience::test_circuit_breaker_pattern PASSED [ 68%]
test_secure_healthcare.py::TestReliabilityAndResilience::test_session_persistence_across_restarts PASSED [ 72%]
test_secure_healthcare.py::TestReliabilityAndResilience::test_encrypted_data_recovery PASSED [ 75%]
test_secure_healthcare.py::TestReliabilityAndResilience::test_audit_log_availability_during_failures PASSED [ 79%]
test_secure_healthcare.py::TestReliabilityAndResilience::test_input_validation_prevents_corruption PASSED [ 82%]
test_secure_healthcare.py::TestCrossDimensionalRisks::test_security_breach_does_not_expose_bias PASSED [ 86%]
test_secure_healthcare.py::TestCrossDimensionalRisks::test_system_failure_does_not_create_discriminatory_outcomes PASSED [ 89%]
test_secure_healthcare.py::TestCrossDimensionalRisks::test_audit_trail_captures_cross_dimensional_events PASSED [ 93%]
test_secure_healthcare.py::TestPerformanceAndScalability::test_concurrent_user_sessions PASSED [ 96%]
test_secure_healthcare.py::TestPerformanceAndScalability::test_bulk_patient_operations PASSED [100%]

============================= 29 passed in 40.81s ==============================
